Temp/gradleOut/build/outputs/logs/manifest-merger-debug-report.txt
-- Merging decision tree log ---
manifest
ADDED from src\main\AndroidManifest.xml:2:1-38:12
	package
		ADDED from src\main\AndroidManifest.xml:2:117-152
		INJECTED from src\main\AndroidManifest.xml
		INJECTED from src\main\AndroidManifest.xml
	android:versionName
		ADDED from src\main\AndroidManifest.xml:2:177-202
		INJECTED from src\main\AndroidManifest.xml
		INJECTED from src\main\AndroidManifest.xml
	xmlns:tools
		ADDED from src\main\AndroidManifest.xml:2:70-116
	android:versionCode
		ADDED from src\main\AndroidManifest.xml:2:153-176
		INJECTED from src\main\AndroidManifest.xml
		INJECTED from src\main\AndroidManifest.xml
	xmlns:android
		ADDED from src\main\AndroidManifest.xml:2:11-69
	android:installLocation
		ADDED from src\main\AndroidManifest.xml:2:203-243
uses-sdk
ADDED from src\main\AndroidManifest.xml:3:3-72
MERGED from [com.android.support:multidex:1.0.1] AndroidManifest.xml:18:5-42
MERGED from [:com.android.support.animated-vector-drawable-25.3.1:] AndroidManifest.xml:20:5-44
MERGED from [:com.android.support.appcompat-v7-25.3.1:] AndroidManifest.xml:21:5-23:78
MERGED from [:com.android.support.cardview-v7-25.3.1:] AndroidManifest.xml:20:5-43
MERGED from [:com.android.support.customtabs-25.3.1:] AndroidManifest.xml:20:5-44
MERGED from [:com.android.support.support-compat-25.3.1:] AndroidManifest.xml:21:5-23:58
MERGED from [:com.android.support.support-core-ui-25.3.1:] AndroidManifest.xml:21:5-23:58
MERGED from [:com.android.support.support-core-utils-25.3.1:] AndroidManifest.xml:21:5-23:61
MERGED from [:com.android.support.support-fragment-25.3.1:] AndroidManifest.xml:21:5-23:60
MERGED from [:com.android.support.support-media-compat-25.3.1:] AndroidManifest.xml:21:5-23:63
MERGED from [:com.android.support.support-v4-25.3.1:] AndroidManifest.xml:21:5-23:54
MERGED from [:com.android.support.support-vector-drawable-25.3.1:] AndroidManifest.xml:20:5-43
MERGED from [:com.google.android.gms.play-services-ads-11.8.0:] AndroidManifest.xml:21:5-23:62
MERGED from [:com.google.android.gms.play-services-ads-license-11.8.0:] AndroidManifest.xml:4:5-43
MERGED from [:com.google.android.gms.play-services-ads-lite-11.8.0:] AndroidManifest.xml:20:5-44
MERGED from [:com.google.android.gms.play-services-ads-lite-license-11.8.0:] AndroidManifest.xml:4:5-43
MERGED from [:com.google.android.gms.play-services-auth-11.8.0:] AndroidManifest.xml:20:5-44
MERGED from [:com.google.android.gms.play-services-auth-api-phone-11.8.0:] AndroidManifest.xml:5:5-44
MERGED from [:com.google.android.gms.play-services-auth-api-phone-license-11.8.0:] AndroidManifest.xml:4:5-43
MERGED from [:com.google.android.gms.play-services-auth-base-11.8.0:] AndroidManifest.xml:5:5-44
MERGED from [:com.google.android.gms.play-services-auth-base-license-11.8.0:] AndroidManifest.xml:4:5-43
MERGED from [:com.google.android.gms.play-services-base-11.8.0:] AndroidManifest.xml:20:5-44
MERGED from [:com.google.android.gms.play-services-base-license-11.8.0:] AndroidManifest.xml:4:5-43
MERGED from [:com.google.android.gms.play-services-basement-11.8.0:] AndroidManifest.xml:20:5-44
MERGED from [:com.google.android.gms.play-services-basement-license-11.8.0:] AndroidManifest.xml:4:5-43
MERGED from [:com.google.android.gms.play-services-drive-11.8.0:] AndroidManifest.xml:20:5-44
MERGED from [:com.google.android.gms.play-services-drive-license-11.8.0:] AndroidManifest.xml:4:5-43
MERGED from [:com.google.android.gms.play-services-games-11.8.0:] AndroidManifest.xml:20:5-44
MERGED from [:com.google.android.gms.play-services-games-license-11.8.0:] AndroidManifest.xml:4:5-43
MERGED from [:com.google.android.gms.play-services-gass-11.8.0:] AndroidManifest.xml:5:5-44
MERGED from [:com.google.android.gms.play-services-gass-license-11.8.0:] AndroidManifest.xml:4:5-43
MERGED from [:com.google.android.gms.play-services-nearby-11.8.0:] AndroidManifest.xml:5:5-44
MERGED from [:com.google.android.gms.play-services-nearby-license-11.8.0:] AndroidManifest.xml:4:5-43
MERGED from [:com.google.android.gms.play-services-tasks-11.8.0:] AndroidManifest.xml:5:5-44
MERGED from [:com.google.android.gms.play-services-tasks-license-11.8.0:] AndroidManifest.xml:4:5-43
MERGED from [:com.google.games.gpgs-plugin-support-0.9.50:] AndroidManifest.xml:7:5-44
MERGED from [:common:] AndroidManifest.xml:7:5-43
MERGED from [:facebook-android-wrapper-7.11.1:] AndroidManifest.xml:24:5-26:41
MERGED from [:facebook-applinks:] AndroidManifest.xml:24:5-26:41
MERGED from [:facebook-common:] AndroidManifest.xml:24:5-26:41
MERGED from [:facebook-core:] AndroidManifest.xml:24:5-26:41
MERGED from [:facebook-login:] AndroidManifest.xml:24:5-26:41
MERGED from [:facebook-messenger:] AndroidManifest.xml:24:5-26:41
MERGED from [:facebook-places:] AndroidManifest.xml:24:5-26:41
MERGED from [:facebook-share:] AndroidManifest.xml:24:5-26:41
MERGED from [:GoogleAIDL:] AndroidManifest.xml:7:5-43
MERGED from [:GooglePlay:] AndroidManifest.xml:7:5-9:41
MERGED from [gradleOut:GoogleMobileAdsPlugin:unspecified] AndroidManifest.xml:12:5-14:41
MERGED from [gradleOut:GooglePlayGamesManifest.plugin:unspecified] AndroidManifest.xml:11:5-13:41
	tools:overrideLibrary
		ADDED from [:com.android.support.appcompat-v7-25.3.1:] AndroidManifest.xml:23:9-75
	android:targetSdkVersion
		ADDED from src\main\AndroidManifest.xml:3:40-69
		INJECTED from src\main\AndroidManifest.xml
		INJECTED from src\main\AndroidManifest.xml
	android:minSdkVersion
		ADDED from src\main\AndroidManifest.xml:3:13-39
supports-screens
ADDED from src\main\AndroidManifest.xml:4:3-163
	android:largeScreens
		ADDED from src\main\AndroidManifest.xml:4:47-74
	android:smallScreens
		ADDED from src\main\AndroidManifest.xml:4:104-131
	android:normalScreens
		ADDED from src\main\AndroidManifest.xml:4:75-103
	android:xlargeScreens
		ADDED from src\main\AndroidManifest.xml:4:132-160
	android:anyDensity
		ADDED from src\main\AndroidManifest.xml:4:21-46
application
ADDED from src\main\AndroidManifest.xml:5:3-31:17
MERGED from [:com.android.support.animated-vector-drawable-25.3.1:] AndroidManifest.xml:26:5-20
MERGED from [:com.android.support.appcompat-v7-25.3.1:] AndroidManifest.xml:29:5-20
MERGED from [:com.android.support.cardview-v7-25.3.1:] AndroidManifest.xml:26:5-20
MERGED from [:com.android.support.customtabs-25.3.1:] AndroidManifest.xml:26:5-20
MERGED from [:com.android.support.support-compat-25.3.1:] AndroidManifest.xml:29:5-20
MERGED from [:com.android.support.support-core-ui-25.3.1:] AndroidManifest.xml:29:5-20
MERGED from [:com.android.support.support-core-utils-25.3.1:] AndroidManifest.xml:29:5-20
MERGED from [:com.android.support.support-fragment-25.3.1:] AndroidManifest.xml:29:5-20
MERGED from [:com.android.support.support-media-compat-25.3.1:] AndroidManifest.xml:29:5-20
MERGED from [:com.android.support.support-v4-25.3.1:] AndroidManifest.xml:29:5-20
MERGED from [:com.android.support.support-vector-drawable-25.3.1:] AndroidManifest.xml:26:5-20
MERGED from [:com.google.android.gms.play-services-ads-license-11.8.0:] AndroidManifest.xml:5:5-20
MERGED from [:com.google.android.gms.play-services-ads-lite-11.8.0:] AndroidManifest.xml:26:5-34:19
MERGED from [:com.google.android.gms.play-services-ads-lite-license-11.8.0:] AndroidManifest.xml:5:5-20
MERGED from [:com.google.android.gms.play-services-auth-11.8.0:] AndroidManifest.xml:22:5-37:19
MERGED from [:com.google.android.gms.play-services-auth-api-phone-license-11.8.0:] AndroidManifest.xml:5:5-20
MERGED from [:com.google.android.gms.play-services-auth-base-license-11.8.0:] AndroidManifest.xml:5:5-20
MERGED from [:com.google.android.gms.play-services-base-11.8.0:] AndroidManifest.xml:22:5-27:19
MERGED from [:com.google.android.gms.play-services-base-license-11.8.0:] AndroidManifest.xml:5:5-20
MERGED from [:com.google.android.gms.play-services-basement-11.8.0:] AndroidManifest.xml:22:5-26:19
MERGED from [:com.google.android.gms.play-services-basement-license-11.8.0:] AndroidManifest.xml:5:5-20
MERGED from [:com.google.android.gms.play-services-drive-11.8.0:] AndroidManifest.xml:22:5-20
MERGED from [:com.google.android.gms.play-services-drive-license-11.8.0:] AndroidManifest.xml:5:5-20
MERGED from [:com.google.android.gms.play-services-games-11.8.0:] AndroidManifest.xml:22:5-20
MERGED from [:com.google.android.gms.play-services-games-license-11.8.0:] AndroidManifest.xml:5:5-20
MERGED from [:com.google.android.gms.play-services-gass-11.8.0:] AndroidManifest.xml:7:5-20
MERGED from [:com.google.android.gms.play-services-gass-license-11.8.0:] AndroidManifest.xml:5:5-20
MERGED from [:com.google.android.gms.play-services-nearby-11.8.0:] AndroidManifest.xml:9:5-20
MERGED from [:com.google.android.gms.play-services-nearby-license-11.8.0:] AndroidManifest.xml:5:5-20
MERGED from [:com.google.android.gms.play-services-tasks-11.8.0:] AndroidManifest.xml:7:5-20
MERGED from [:com.google.android.gms.play-services-tasks-license-11.8.0:] AndroidManifest.xml:5:5-20
MERGED from [:com.google.games.gpgs-plugin-support-0.9.50:] AndroidManifest.xml:9:5-20
MERGED from [:common:] AndroidManifest.xml:9:5-10:19
MERGED from [:facebook-android-wrapper-7.11.1:] AndroidManifest.xml:28:5-20
MERGED from [:facebook-applinks:] AndroidManifest.xml:28:5-29:19
MERGED from [:facebook-common:] AndroidManifest.xml:28:5-34:19
MERGED from [:facebook-core:] AndroidManifest.xml:28:5-43:19
MERGED from [:facebook-login:] AndroidManifest.xml:28:5-29:19
MERGED from [:facebook-messenger:] AndroidManifest.xml:28:5-29:19
MERGED from [:facebook-places:] AndroidManifest.xml:28:5-29:19
MERGED from [:facebook-share:] AndroidManifest.xml:28:5-29:19
MERGED from [:GoogleAIDL:] AndroidManifest.xml:9:5-10:19
MERGED from [:GooglePlay:] AndroidManifest.xml:22:5-38:19
MERGED from [gradleOut:GoogleMobileAdsPlugin:unspecified] AndroidManifest.xml:16:5-17:19
MERGED from [gradleOut:GooglePlayGamesManifest.plugin:unspecified] AndroidManifest.xml:15:5-30:19
	android:label
		ADDED from src\main\AndroidManifest.xml:5:110-142
	android:supportsRtl
		ADDED from [:facebook-applinks:] AndroidManifest.xml:28:18-44
	android:icon
		ADDED from src\main\AndroidManifest.xml:5:76-109
	android:allowBackup
		ADDED from [:GooglePlay:] AndroidManifest.xml:22:18-44
	android:banner
		ADDED from src\main\AndroidManifest.xml:5:207-244
	android:theme
		ADDED from src\main\AndroidManifest.xml:5:143-184
	android:isGame
		ADDED from src\main\AndroidManifest.xml:5:185-206
	android:name
		ADDED from src\main\AndroidManifest.xml:5:16-75
activity#com.unity3d.player.UnityPlayerActivity
ADDED from src\main\AndroidManifest.xml:6:5-12:16
	android:screenOrientation
		ADDED from src\main\AndroidManifest.xml:6:102-138
	android:label
		ADDED from src\main\AndroidManifest.xml:6:69-101
	android:launchMode
		ADDED from src\main\AndroidManifest.xml:6:139-170
	android:configChanges
		ADDED from src\main\AndroidManifest.xml:6:171-352
	android:name
		ADDED from src\main\AndroidManifest.xml:6:15-68
intent-filter#android.intent.action.MAIN+android.intent.category.LAUNCHER
ADDED from src\main\AndroidManifest.xml:7:7-10:23
action#android.intent.action.MAIN
ADDED from src\main\AndroidManifest.xml:8:9-61
	android:name
		ADDED from src\main\AndroidManifest.xml:8:17-58
category#android.intent.category.LAUNCHER
ADDED from src\main\AndroidManifest.xml:9:9-69
	android:name
		ADDED from src\main\AndroidManifest.xml:9:19-66
meta-data#unityplayer.UnityActivity
ADDED from src\main\AndroidManifest.xml:11:7-82
	android:value
		ADDED from src\main\AndroidManifest.xml:11:59-79
	android:name
		ADDED from src\main\AndroidManifest.xml:11:18-58
activity#com.facebook.unity.FBUnityLoginActivity
ADDED from src\main\AndroidManifest.xml:13:5-301
	android:configChanges
		ADDED from src\main\AndroidManifest.xml:13:70-227
	android:theme
		ADDED from src\main\AndroidManifest.xml:13:228-298
	android:name
		ADDED from src\main\AndroidManifest.xml:13:15-69
activity#com.facebook.unity.FBUnityDialogsActivity
ADDED from src\main\AndroidManifest.xml:14:5-303
	android:configChanges
		ADDED from src\main\AndroidManifest.xml:14:72-229
	android:theme
		ADDED from src\main\AndroidManifest.xml:14:230-300
	android:name
		ADDED from src\main\AndroidManifest.xml:14:15-71
activity#com.facebook.unity.FBUnityAppLinkActivity
ADDED from src\main\AndroidManifest.xml:15:5-98
	android:exported
		ADDED from src\main\AndroidManifest.xml:15:72-95
	android:name
		ADDED from src\main\AndroidManifest.xml:15:15-71
activity#com.facebook.unity.FBUnityDeepLinkingActivity
ADDED from src\main\AndroidManifest.xml:16:5-102
	android:exported
		ADDED from src\main\AndroidManifest.xml:16:76-99
	android:name
		ADDED from src\main\AndroidManifest.xml:16:15-75
activity#com.facebook.unity.FBUnityGameRequestActivity
ADDED from src\main\AndroidManifest.xml:17:5-78
	android:name
		ADDED from src\main\AndroidManifest.xml:17:15-75
activity#com.facebook.unity.FBUnityCreateGameGroupActivity
ADDED from src\main\AndroidManifest.xml:18:5-82
	android:name
		ADDED from src\main\AndroidManifest.xml:18:15-79
activity#com.facebook.unity.FBUnityJoinGameGroupActivity
ADDED from src\main\AndroidManifest.xml:19:5-80
	android:name
		ADDED from src\main\AndroidManifest.xml:19:15-77
activity#com.facebook.unity.AppInviteDialogActivity
ADDED from src\main\AndroidManifest.xml:20:5-75
	android:name
		ADDED from src\main\AndroidManifest.xml:20:15-72
meta-data#com.facebook.sdk.ApplicationId
ADDED from src\main\AndroidManifest.xml:21:5-98
	android:value
		ADDED from src\main\AndroidManifest.xml:21:62-95
	android:name
		ADDED from src\main\AndroidManifest.xml:21:16-61
provider#com.facebook.FacebookContentProvider
ADDED from src\main\AndroidManifest.xml:22:5-171
	android:authorities
		ADDED from src\main\AndroidManifest.xml:22:67-144
	android:exported
		ADDED from src\main\AndroidManifest.xml:22:145-168
	android:name
		ADDED from src\main\AndroidManifest.xml:22:15-66
meta-data#com.google.android.gms.games.APP_ID
ADDED from src\main\AndroidManifest.xml:24:5-101
MERGED from [gradleOut:GooglePlayGamesManifest.plugin:unspecified] AndroidManifest.xml:18:9-20:47
	android:value
		ADDED from src\main\AndroidManifest.xml:24:67-98
	android:name
		ADDED from src\main\AndroidManifest.xml:24:16-66
meta-data#com.google.android.gms.games.unityVersion
ADDED from src\main\AndroidManifest.xml:26:5-100
MERGED from [gradleOut:GooglePlayGamesManifest.plugin:unspecified] AndroidManifest.xml:23:9-25:40
	android:value
		ADDED from src\main\AndroidManifest.xml:26:73-97
	android:name
		ADDED from src\main\AndroidManifest.xml:26:16-72
activity#com.google.games.bridge.NativeBridgeActivity
ADDED from src\main\AndroidManifest.xml:27:5-148
MERGED from [gradleOut:GooglePlayGamesManifest.plugin:unspecified] AndroidManifest.xml:27:9-29:86
	android:theme
		ADDED from src\main\AndroidManifest.xml:27:75-145
	android:name
		ADDED from src\main\AndroidManifest.xml:27:15-74
meta-data#unity.build-id
ADDED from src\main\AndroidManifest.xml:28:5-101
	android:value
		ADDED from src\main\AndroidManifest.xml:28:46-98
	android:name
		ADDED from src\main\AndroidManifest.xml:28:16-45
meta-data#unity.splash-mode
ADDED from src\main\AndroidManifest.xml:29:5-69
	android:value
		ADDED from src\main\AndroidManifest.xml:29:49-66
	android:name
		ADDED from src\main\AndroidManifest.xml:29:16-48
meta-data#unity.splash-enable
ADDED from src\main\AndroidManifest.xml:30:5-74
	android:value
		ADDED from src\main\AndroidManifest.xml:30:51-71
	android:name
		ADDED from src\main\AndroidManifest.xml:30:16-50
uses-feature#0x00020000
ADDED from src\main\AndroidManifest.xml:32:3-52
	android:glEsVersion
		ADDED from src\main\AndroidManifest.xml:32:17-49
uses-permission#android.permission.INTERNET
ADDED from src\main\AndroidManifest.xml:33:3-65
MERGED from [:com.google.android.gms.play-services-ads-lite-11.8.0:] AndroidManifest.xml:23:5-67
MERGED from [:GooglePlay:] AndroidManifest.xml:11:5-67
	android:name
		ADDED from src\main\AndroidManifest.xml:33:20-62
uses-permission#android.permission.WRITE_EXTERNAL_STORAGE
ADDED from src\main\AndroidManifest.xml:34:3-79
	android:name
		ADDED from src\main\AndroidManifest.xml:34:20-76
uses-feature#android.hardware.touchscreen
ADDED from src\main\AndroidManifest.xml:35:3-88
	android:required
		ADDED from src\main\AndroidManifest.xml:35:61-85
	android:name
		ADDED from src\main\AndroidManifest.xml:35:17-60
uses-feature#android.hardware.touchscreen.multitouch
ADDED from src\main\AndroidManifest.xml:36:3-99
	android:required
		ADDED from src\main\AndroidManifest.xml:36:72-96
	android:name
		ADDED from src\main\AndroidManifest.xml:36:17-71
uses-feature#android.hardware.touchscreen.multitouch.distinct
ADDED from src\main\AndroidManifest.xml:37:3-108
	android:required
		ADDED from src\main\AndroidManifest.xml:37:81-105
	android:name
		ADDED from src\main\AndroidManifest.xml:37:17-80
meta-data#android.support.VERSION
ADDED from [:com.android.support.animated-vector-drawable-25.3.1:] AndroidManifest.xml:22:5-24:34
MERGED from [:com.android.support.appcompat-v7-25.3.1:] AndroidManifest.xml:25:5-27:34
MERGED from [:com.android.support.cardview-v7-25.3.1:] AndroidManifest.xml:22:5-24:34
MERGED from [:com.android.support.customtabs-25.3.1:] AndroidManifest.xml:22:5-24:34
MERGED from [:com.android.support.support-compat-25.3.1:] AndroidManifest.xml:25:5-27:34
MERGED from [:com.android.support.support-core-ui-25.3.1:] AndroidManifest.xml:25:5-27:34
MERGED from [:com.android.support.support-core-utils-25.3.1:] AndroidManifest.xml:25:5-27:34
MERGED from [:com.android.support.support-fragment-25.3.1:] AndroidManifest.xml:25:5-27:34
MERGED from [:com.android.support.support-media-compat-25.3.1:] AndroidManifest.xml:25:5-27:34
MERGED from [:com.android.support.support-v4-25.3.1:] AndroidManifest.xml:25:5-27:34
MERGED from [:com.android.support.support-vector-drawable-25.3.1:] AndroidManifest.xml:22:5-24:34
	android:value
		ADDED from [:com.android.support.animated-vector-drawable-25.3.1:] AndroidManifest.xml:24:9-31
	android:name
		ADDED from [:com.android.support.animated-vector-drawable-25.3.1:] AndroidManifest.xml:23:9-47
uses-permission#android.permission.ACCESS_NETWORK_STATE
ADDED from [:com.google.android.gms.play-services-ads-lite-11.8.0:] AndroidManifest.xml:24:5-79
MERGED from [:com.google.android.gms.play-services-nearby-11.8.0:] AndroidManifest.xml:7:5-79
	android:name
		ADDED from [:com.google.android.gms.play-services-ads-lite-11.8.0:] AndroidManifest.xml:24:22-76
activity#com.google.android.gms.ads.AdActivity
ADDED from [:com.google.android.gms.play-services-ads-lite-11.8.0:] AndroidManifest.xml:29:9-33:64
	android:exported
		ADDED from [:com.google.android.gms.play-services-ads-lite-11.8.0:] AndroidManifest.xml:32:13-37
	android:configChanges
		ADDED from [:com.google.android.gms.play-services-ads-lite-11.8.0:] AndroidManifest.xml:31:13-122
	android:theme
		ADDED from [:com.google.android.gms.play-services-ads-lite-11.8.0:] AndroidManifest.xml:33:13-61
	android:name
		ADDED from [:com.google.android.gms.play-services-ads-lite-11.8.0:] AndroidManifest.xml:30:13-65
activity#com.google.android.gms.auth.api.signin.internal.SignInHubActivity
ADDED from [:com.google.android.gms.play-services-auth-11.8.0:] AndroidManifest.xml:23:9-27:75
	android:excludeFromRecents
		ADDED from [:com.google.android.gms.play-services-auth-11.8.0:] AndroidManifest.xml:25:13-46
	android:exported
		ADDED from [:com.google.android.gms.play-services-auth-11.8.0:] AndroidManifest.xml:26:13-37
	android:theme
		ADDED from [:com.google.android.gms.play-services-auth-11.8.0:] AndroidManifest.xml:27:13-72
	android:name
		ADDED from [:com.google.android.gms.play-services-auth-11.8.0:] AndroidManifest.xml:24:13-93
service#com.google.android.gms.auth.api.signin.RevocationBoundService
ADDED from [:com.google.android.gms.play-services-auth-11.8.0:] AndroidManifest.xml:33:9-36:110
	android:exported
		ADDED from [:com.google.android.gms.play-services-auth-11.8.0:] AndroidManifest.xml:35:13-36
	android:permission
		ADDED from [:com.google.android.gms.play-services-auth-11.8.0:] AndroidManifest.xml:36:13-107
	android:name
		ADDED from [:com.google.android.gms.play-services-auth-11.8.0:] AndroidManifest.xml:34:13-89
activity#com.google.android.gms.common.api.GoogleApiActivity
ADDED from [:com.google.android.gms.play-services-base-11.8.0:] AndroidManifest.xml:23:9-26:75
	android:exported
		ADDED from [:com.google.android.gms.play-services-base-11.8.0:] AndroidManifest.xml:25:13-37
	android:theme
		ADDED from [:com.google.android.gms.play-services-base-11.8.0:] AndroidManifest.xml:26:13-72
	android:name
		ADDED from [:com.google.android.gms.play-services-base-11.8.0:] AndroidManifest.xml:24:13-79
meta-data#com.google.android.gms.version
ADDED from [:com.google.android.gms.play-services-basement-11.8.0:] AndroidManifest.xml:23:9-25:69
	android:value
		ADDED from [:com.google.android.gms.play-services-basement-11.8.0:] AndroidManifest.xml:25:13-66
	android:name
		ADDED from [:com.google.android.gms.play-services-basement-11.8.0:] AndroidManifest.xml:24:13-58
activity#com.facebook.FacebookActivity
ADDED from [:facebook-common:] AndroidManifest.xml:29:9-32:66
	android:configChanges
		ADDED from [:facebook-common:] AndroidManifest.xml:31:13-96
	android:theme
		ADDED from [:facebook-common:] AndroidManifest.xml:32:13-63
	android:name
		ADDED from [:facebook-common:] AndroidManifest.xml:30:13-57
activity#com.facebook.CustomTabMainActivity
ADDED from [:facebook-common:] AndroidManifest.xml:33:9-71
	android:name
		ADDED from [:facebook-common:] AndroidManifest.xml:33:19-68
provider#com.facebook.internal.FacebookInitProvider
ADDED from [:facebook-core:] AndroidManifest.xml:39:9-42:40
	android:authorities
		ADDED from [:facebook-core:] AndroidManifest.xml:41:13-72
	android:exported
		ADDED from [:facebook-core:] AndroidManifest.xml:42:13-37
	android:name
		ADDED from [:facebook-core:] AndroidManifest.xml:40:13-70
uses-permission#com.android.vending.BILLING
ADDED from [:GooglePlay:] AndroidManifest.xml:12:5-67
	android:name
		ADDED from [:GooglePlay:] AndroidManifest.xml:12:22-64
uses-feature#android.software.vr.mode
ADDED from [:GooglePlay:] AndroidManifest.xml:14:5-16:36
	android:required
		ADDED from [:GooglePlay:] AndroidManifest.xml:16:9-33
	android:name
		ADDED from [:GooglePlay:] AndroidManifest.xml:15:9-48
uses-feature#android.software.vr.high_performance
ADDED from [:GooglePlay:] AndroidManifest.xml:18:5-20:36
	android:required
		ADDED from [:GooglePlay:] AndroidManifest.xml:20:9-33
	android:name
		ADDED from [:GooglePlay:] AndroidManifest.xml:19:9-60
activity#com.unity.purchasing.googleplay.PurchaseActivity
ADDED from [:GooglePlay:] AndroidManifest.xml:23:9-26:86
	android:configChanges
		ADDED from [:GooglePlay:] AndroidManifest.xml:25:13-170
	android:theme
		ADDED from [:GooglePlay:] AndroidManifest.xml:26:13-83
	android:name
		ADDED from [:GooglePlay:] AndroidManifest.xml:24:13-76
activity#com.unity.purchasing.googleplay.VRPurchaseActivity
ADDED from [:GooglePlay:] AndroidManifest.xml:27:9-37:20
	android:enableVrMode
		ADDED from [:GooglePlay:] AndroidManifest.xml:30:13-106
	android:configChanges
		ADDED from [:GooglePlay:] AndroidManifest.xml:29:13-170
	android:theme
		ADDED from [:GooglePlay:] AndroidManifest.xml:31:13-51
	android:name
		ADDED from [:GooglePlay:] AndroidManifest.xml:28:13-78
intent-filter#com.google.intent.category.DAYDREAM+com.google.vr.vrcore.ACTION_NONE
ADDED from [:GooglePlay:] AndroidManifest.xml:32:13-36:29
action#com.google.vr.vrcore.ACTION_NONE
ADDED from [:GooglePlay:] AndroidManifest.xml:33:17-75
	android:name
		ADDED from [:GooglePlay:] AndroidManifest.xml:33:25-72
category#com.google.intent.category.DAYDREAM
ADDED from [:GooglePlay:] AndroidManifest.xml:35:17-80
	android:name
		ADDED from [:GooglePlay:] AndroidManifest.xml:35:27-77